<?xml version="1.0" encoding="UTF-8"?>
<testsuite xmlns:xsi="http://www.w3.org/2001/XMLSchema-instance" xsi:noNamespaceSchemaLocation="https://maven.apache.org/surefire/maven-surefire-plugin/xsd/surefire-test-report-3.0.xsd" version="3.0" name="CountCharactersTest" time="0.603" tests="6" errors="4" skipped="0" failures="1">
  <properties>
[...]
</properties>
  <testcase name="testManyStrings" classname="CountCharactersTest" time="0.002">
    <error message="not implemented" type="java.lang.RuntimeException"><![CDATA[java.lang.RuntimeException: not implemented
	at CountCharacters.countOccurrencesSequential(CountCharacters.java:45)
	at CountCharactersTest.testManyStrings(CountCharactersTest.java:54)
	at java.base/java.lang.reflect.Method.invoke(Method.java:568)
	at java.base/java.util.ArrayList.forEach(ArrayList.java:1511)
	at java.base/java.util.ArrayList.forEach(ArrayList.java:1511)
]]></error>
  </testcase>
  <testcase name="testSingleString" classname="CountCharactersTest" time="0.003">
    <error message="not implemented" type="java.lang.RuntimeException"><![CDATA[java.lang.RuntimeException: not implemented
	at CountCharacters.countOccurrences(CountCharacters.java:29)
	at CountCharactersTest.testSingleString(CountCharactersTest.java:38)
	at java.base/java.lang.reflect.Method.invoke(Method.java:568)
	at java.base/java.util.ArrayList.forEach(ArrayList.java:1511)
	at java.base/java.util.ArrayList.forEach(ArrayList.java:1511)
]]></error>
  </testcase>
  <testcase name="testManyStringsParallel" classname="CountCharactersTest" time="0.005">
    <error message="not implemented" type="java.lang.RuntimeException"><![CDATA[java.lang.RuntimeException: not implemented
	at CountCharacters.countOccurrencesParallel(CountCharacters.java:54)
	at CountCharactersTest.testManyStringsParallel(CountCharactersTest.java:88)
	at java.base/java.lang.reflect.Method.invoke(Method.java:568)
	at java.base/java.util.ArrayList.forEach(ArrayList.java:1511)
	at java.base/java.util.ArrayList.forEach(ArrayList.java:1511)
]]></error>
  </testcase>
  <testcase name="testSingleStringInThread" classname="CountCharactersTest" time="0.001">
    <error message="not implemented" type="java.lang.RuntimeException"><![CDATA[java.lang.RuntimeException: not implemented
	at CountCharacters.countOccurrencesInThread(CountCharacters.java:37)
	at CountCharactersTest.testSingleStringInThread(CountCharactersTest.java:47)
	at java.base/java.lang.reflect.Method.invoke(Method.java:568)
	at java.base/java.util.ArrayList.forEach(ArrayList.java:1511)
	at java.base/java.util.ArrayList.forEach(ArrayList.java:1511)
]]></error>
  </testcase>
  <testcase name="testCounterThreadSafety" classname="CountCharactersTest" time="0.584">
    <failure type="java.lang.AssertionError"><![CDATA[java.lang.AssertionError
	at CountCharactersTest.testCounterThreadSafety(CountCharactersTest.java:73)
	at java.base/java.lang.reflect.Method.invoke(Method.java:568)
	at java.base/java.util.ArrayList.forEach(ArrayList.java:1511)
	at java.base/java.util.ArrayList.forEach(ArrayList.java:1511)
]]></failure>
  </testcase>
  <testcase name="testCountA" classname="CountCharactersTest" time="0.001"/>
</testsuite>